# JRE version: OpenJDK Runtime Environment Temurin-17.0.7+7 (17.0.7+7) (build 17.0.7+7)
# Java VM: OpenJDK 64-Bit Server VM Temurin-17.0.7+7 (17.0.7+7, mixed mode, tiered, compressed oops, compressed class ptrs, g1 gc, windows-amd64)
GC Precious Log:
 CPUs: 4 total, 4 available
 Memory: 12180M
 Large Page Support: Disabled
 NUMA Support: Disabled
 Compressed Oops: Enabled (32-bit)
 Heap Region Size: 1M
 Heap Min Capacity: 8M
 Heap Initial Capacity: 192M
 Heap Max Capacity: 2G
 Pre-touch: Disabled
 Parallel Workers: 4
 Concurrent Workers: 1
 Concurrent Refinement Workers: 4
 Periodic GC: Disabled
Heap:
 garbage-first heap   total 91136K, used 67559K [0x0000000080000000, 0x0000000100000000)
  region size 1024K, 41 young (41984K), 5 survivors (5120K)
 Metaspace       used 39146K, committed 39616K, reserved 1114112K
  class space    used 4239K, committed 4480K, reserved 1048576K
GC Heap History (20 events):
Event: 4.138 GC heap before
{Heap before GC invocations=3 (full 0):
 garbage-first heap   total 196608K, used 92176K [0x0000000080000000, 0x0000000100000000)
  region size 1024K, 78 young (79872K), 2 survivors (2048K)
 Metaspace       used 21365K, committed 21504K, reserved 1114112K
  class space    used 2234K, committed 2304K, reserved 1048576K
}
Event: 4.147 GC heap after
{Heap after GC invocations=4 (full 0):
 garbage-first heap   total 196608K, used 21207K [0x0000000080000000, 0x0000000100000000)
  region size 1024K, 7 young (7168K), 7 survivors (7168K)
 Metaspace       used 21365K, committed 21504K, reserved 1114112K
  class space    used 2234K, committed 2304K, reserved 1048576K
}
Event: 4.630 GC heap before
{Heap before GC invocations=5 (full 0):
 garbage-first heap   total 75776K, used 59095K [0x0000000080000000, 0x0000000100000000)
  region size 1024K, 44 young (45056K), 7 survivors (7168K)
 Metaspace       used 22136K, committed 22400K, reserved 1114112K
  class space    used 2310K, committed 2432K, reserved 1048576K
}
Event: 4.642 GC heap after
{Heap after GC invocations=6 (full 0):
 garbage-first heap   total 75776K, used 21985K [0x0000000080000000, 0x0000000100000000)
  region size 1024K, 2 young (2048K), 2 survivors (2048K)
 Metaspace       used 22136K, committed 22400K, reserved 1114112K
  class space    used 2310K, committed 2432K, reserved 1048576K
}
Event: 5.228 GC heap before
{Heap before GC invocations=6 (full 0):
 garbage-first heap   total 75776K, used 51681K [0x0000000080000000, 0x0000000100000000)
  region size 1024K, 31 young (31744K), 2 survivors (2048K)
 Metaspace       used 24271K, committed 24512K, reserved 1114112K
  class space    used 2511K, committed 2624K, reserved 1048576K
}
Event: 5.234 GC heap after
{Heap after GC invocations=7 (full 0):
 garbage-first heap   total 75776K, used 23247K [0x0000000080000000, 0x0000000100000000)
  region size 1024K, 3 young (3072K), 3 survivors (3072K)
 Metaspace       used 24271K, committed 24512K, reserved 1114112K
  class space    used 2511K, committed 2624K, reserved 1048576K
}
Event: 6.470 GC heap before
{Heap before GC invocations=7 (full 0):
 garbage-first heap   total 75776K, used 53967K [0x0000000080000000, 0x0000000100000000)
  region size 1024K, 33 young (33792K), 3 survivors (3072K)
 Metaspace       used 30295K, committed 30656K, reserved 1114112K
  class space    used 3223K, committed 3392K, reserved 1048576K
}
Event: 6.478 GC heap after
{Heap after GC invocations=8 (full 0):
 garbage-first heap   total 75776K, used 26396K [0x0000000080000000, 0x0000000100000000)
  region size 1024K, 5 young (5120K), 5 survivors (5120K)
 Metaspace       used 30295K, committed 30656K, reserved 1114112K
  class space    used 3223K, committed 3392K, reserved 1048576K
}
Event: 6.817 GC heap before
{Heap before GC invocations=8 (full 0):
 garbage-first heap   total 75776K, used 55068K [0x0000000080000000, 0x0000000100000000)
  region size 1024K, 33 young (33792K), 5 survivors (5120K)
 Metaspace       used 31608K, committed 32000K, reserved 1114112K
  class space    used 3367K, committed 3520K, reserved 1048576K
}
Event: 6.826 GC heap after
{Heap after GC invocations=9 (full 0):
 garbage-first heap   total 75776K, used 26970K [0x0000000080000000, 0x0000000100000000)
  region size 1024K, 1 young (1024K), 1 survivors (1024K)
 Metaspace       used 31608K, committed 32000K, reserved 1114112K
  class space    used 3367K, committed 3520K, reserved 1048576K
}
Event: 7.081 GC heap before
{Heap before GC invocations=9 (full 0):
 garbage-first heap   total 75776K, used 59738K [0x0000000080000000, 0x0000000100000000)
  region size 1024K, 31 young (31744K), 1 survivors (1024K)
 Metaspace       used 32779K, committed 33152K, reserved 1114112K
  class space    used 3447K, committed 3648K, reserved 1048576K
}
Event: 7.084 GC heap after
{Heap after GC invocations=10 (full 0):
 garbage-first heap   total 75776K, used 27468K [0x0000000080000000, 0x0000000100000000)
  region size 1024K, 2 young (2048K), 2 survivors (2048K)
 Metaspace       used 32779K, committed 33152K, reserved 1114112K
  class space    used 3447K, committed 3648K, reserved 1048576K
}
Event: 7.539 GC heap before
{Heap before GC invocations=10 (full 0):
 garbage-first heap   total 75776K, used 58188K [0x0000000080000000, 0x0000000100000000)
  region size 1024K, 32 young (32768K), 2 survivors (2048K)
 Metaspace       used 34624K, committed 35072K, reserved 1114112K
  class space    used 3658K, committed 3840K, reserved 1048576K
}
Event: 7.545 GC heap after
{Heap after GC invocations=11 (full 0):
 garbage-first heap   total 75776K, used 27983K [0x0000000080000000, 0x0000000100000000)
  region size 1024K, 2 young (2048K), 2 survivors (2048K)
 Metaspace       used 34624K, committed 35072K, reserved 1114112K
  class space    used 3658K, committed 3840K, reserved 1048576K
}
Event: 8.299 GC heap before
{Heap before GC invocations=11 (full 0):
 garbage-first heap   total 75776K, used 59727K [0x0000000080000000, 0x0000000100000000)
  region size 1024K, 33 young (33792K), 2 survivors (2048K)
 Metaspace       used 35140K, committed 35584K, reserved 1114112K
  class space    used 3707K, committed 3904K, reserved 1048576K
}
Event: 8.307 GC heap after
{Heap after GC invocations=12 (full 0):
 garbage-first heap   total 91136K, used 28982K [0x0000000080000000, 0x0000000100000000)
  region size 1024K, 3 young (3072K), 3 survivors (3072K)
 Metaspace       used 35140K, committed 35584K, reserved 1114112K
  class space    used 3707K, committed 3904K, reserved 1048576K
}
Event: 8.652 GC heap before
{Heap before GC invocations=12 (full 0):
 garbage-first heap   total 91136K, used 73014K [0x0000000080000000, 0x0000000100000000)
  region size 1024K, 46 young (47104K), 3 survivors (3072K)
 Metaspace       used 35242K, committed 35712K, reserved 1114112K
  class space    used 3714K, committed 3968K, reserved 1048576K
}
Event: 8.661 GC heap after
{Heap after GC invocations=13 (full 0):
 garbage-first heap   total 91136K, used 29716K [0x0000000080000000, 0x0000000100000000)
  region size 1024K, 4 young (4096K), 4 survivors (4096K)
 Metaspace       used 35242K, committed 35712K, reserved 1114112K
  class space    used 3714K, committed 3968K, reserved 1048576K
}
Event: 8.969 GC heap before
{Heap before GC invocations=13 (full 0):
 garbage-first heap   total 91136K, used 45076K [0x0000000080000000, 0x0000000100000000)
  region size 1024K, 20 young (20480K), 4 survivors (4096K)
 Metaspace       used 35536K, committed 35968K, reserved 1114112K
  class space    used 3749K, committed 3968K, reserved 1048576K
}
Event: 8.983 GC heap after
{Heap after GC invocations=14 (full 0):
 garbage-first heap   total 91136K, used 31719K [0x0000000080000000, 0x0000000100000000)
  region size 1024K, 5 young (5120K), 5 survivors (5120K)
 Metaspace       used 35536K, committed 35968K, reserved 1114112K
  class space    used 3749K, committed 3968K, reserved 1048576K
}

