# JRE version: OpenJDK Runtime Environment Temurin-17.0.7+7 (17.0.7+7) (build 17.0.7+7)
# Java VM: OpenJDK 64-Bit Server VM Temurin-17.0.7+7 (17.0.7+7, mixed mode, tiered, compressed oops, compressed class ptrs, g1 gc, windows-amd64)
GC Precious Log:
 CPUs: 4 total, 4 available
 Memory: 12180M
 Large Page Support: Disabled
 NUMA Support: Disabled
 Compressed Oops: Enabled (32-bit)
 Heap Region Size: 1M
 Heap Min Capacity: 8M
 Heap Initial Capacity: 192M
 Heap Max Capacity: 2G
 Pre-touch: Disabled
 Parallel Workers: 4
 Concurrent Workers: 1
 Concurrent Refinement Workers: 4
 Periodic GC: Disabled
Heap:
 garbage-first heap   total 102400K, used 52841K [0x0000000080000000, 0x0000000100000000)
  region size 1024K, 18 young (18432K), 4 survivors (4096K)
 Metaspace       used 50426K, committed 51008K, reserved 1114112K
  class space    used 5749K, committed 6016K, reserved 1048576K
GC Heap History (20 events):
Event: 10.131 GC heap before
{Heap before GC invocations=7 (full 0):
 garbage-first heap   total 78848K, used 56953K [0x0000000080000000, 0x0000000100000000)
  region size 1024K, 35 young (35840K), 3 survivors (3072K)
 Metaspace       used 31290K, committed 31616K, reserved 1114112K
  class space    used 3328K, committed 3520K, reserved 1048576K
}
Event: 10.145 GC heap after
{Heap after GC invocations=8 (full 0):
 garbage-first heap   total 78848K, used 27037K [0x0000000080000000, 0x0000000100000000)
  region size 1024K, 5 young (5120K), 5 survivors (5120K)
 Metaspace       used 31290K, committed 31616K, reserved 1114112K
  class space    used 3328K, committed 3520K, reserved 1048576K
}
Event: 10.605 GC heap before
{Heap before GC invocations=8 (full 0):
 garbage-first heap   total 78848K, used 59805K [0x0000000080000000, 0x0000000100000000)
  region size 1024K, 35 young (35840K), 5 survivors (5120K)
 Metaspace       used 32724K, committed 33088K, reserved 1114112K
  class space    used 3441K, committed 3584K, reserved 1048576K
}
Event: 10.618 GC heap after
{Heap after GC invocations=9 (full 0):
 garbage-first heap   total 78848K, used 27988K [0x0000000080000000, 0x0000000100000000)
  region size 1024K, 1 young (1024K), 1 survivors (1024K)
 Metaspace       used 32724K, committed 33088K, reserved 1114112K
  class space    used 3441K, committed 3584K, reserved 1048576K
}
Event: 10.867 GC heap before
{Heap before GC invocations=9 (full 0):
 garbage-first heap   total 78848K, used 60756K [0x0000000080000000, 0x0000000100000000)
  region size 1024K, 33 young (33792K), 1 survivors (1024K)
 Metaspace       used 32789K, committed 33152K, reserved 1114112K
  class space    used 3448K, committed 3648K, reserved 1048576K
}
Event: 10.870 GC heap after
{Heap after GC invocations=10 (full 0):
 garbage-first heap   total 78848K, used 27988K [0x0000000080000000, 0x0000000100000000)
  region size 1024K, 1 young (1024K), 1 survivors (1024K)
 Metaspace       used 32789K, committed 33152K, reserved 1114112K
  class space    used 3448K, committed 3648K, reserved 1048576K
}
Event: 11.627 GC heap before
{Heap before GC invocations=10 (full 0):
 garbage-first heap   total 78848K, used 61780K [0x0000000080000000, 0x0000000100000000)
  region size 1024K, 34 young (34816K), 1 survivors (1024K)
 Metaspace       used 34739K, committed 35072K, reserved 1114112K
  class space    used 3674K, committed 3840K, reserved 1048576K
}
Event: 11.634 GC heap after
{Heap after GC invocations=11 (full 0):
 garbage-first heap   total 78848K, used 28831K [0x0000000080000000, 0x0000000100000000)
  region size 1024K, 2 young (2048K), 2 survivors (2048K)
 Metaspace       used 34739K, committed 35072K, reserved 1114112K
  class space    used 3674K, committed 3840K, reserved 1048576K
}
Event: 12.719 GC heap before
{Heap before GC invocations=11 (full 0):
 garbage-first heap   total 78848K, used 62623K [0x0000000080000000, 0x0000000100000000)
  region size 1024K, 35 young (35840K), 2 survivors (2048K)
 Metaspace       used 35258K, committed 35712K, reserved 1114112K
  class space    used 3714K, committed 3968K, reserved 1048576K
}
Event: 12.727 GC heap after
{Heap after GC invocations=12 (full 0):
 garbage-first heap   total 78848K, used 30358K [0x0000000080000000, 0x0000000100000000)
  region size 1024K, 4 young (4096K), 4 survivors (4096K)
 Metaspace       used 35258K, committed 35712K, reserved 1114112K
  class space    used 3714K, committed 3968K, reserved 1048576K
}
Event: 12.835 GC heap before
{Heap before GC invocations=12 (full 0):
 garbage-first heap   total 78848K, used 63126K [0x0000000080000000, 0x0000000100000000)
  region size 1024K, 36 young (36864K), 4 survivors (4096K)
 Metaspace       used 35258K, committed 35712K, reserved 1114112K
  class space    used 3714K, committed 3968K, reserved 1048576K
}
Event: 12.844 GC heap after
{Heap after GC invocations=13 (full 0):
 garbage-first heap   total 78848K, used 30490K [0x0000000080000000, 0x0000000100000000)
  region size 1024K, 3 young (3072K), 3 survivors (3072K)
 Metaspace       used 35258K, committed 35712K, reserved 1114112K
  class space    used 3714K, committed 3968K, reserved 1048576K
}
Event: 13.207 GC heap before
{Heap before GC invocations=13 (full 0):
 garbage-first heap   total 78848K, used 41754K [0x0000000080000000, 0x0000000100000000)
  region size 1024K, 15 young (15360K), 3 survivors (3072K)
 Metaspace       used 35554K, committed 35968K, reserved 1114112K
  class space    used 3750K, committed 3968K, reserved 1048576K
}
Event: 13.216 GC heap after
{Heap after GC invocations=14 (full 0):
 garbage-first heap   total 102400K, used 32224K [0x0000000080000000, 0x0000000100000000)
  region size 1024K, 5 young (5120K), 5 survivors (5120K)
 Metaspace       used 35554K, committed 35968K, reserved 1114112K
  class space    used 3750K, committed 3968K, reserved 1048576K
}
Event: 25.249 GC heap before
{Heap before GC invocations=15 (full 0):
 garbage-first heap   total 102400K, used 75232K [0x0000000080000000, 0x0000000100000000)
  region size 1024K, 47 young (48128K), 5 survivors (5120K)
 Metaspace       used 39806K, committed 40384K, reserved 1114112K
  class space    used 4309K, committed 4608K, reserved 1048576K
}
Event: 25.259 GC heap after
{Heap after GC invocations=16 (full 0):
 garbage-first heap   total 102400K, used 35447K [0x0000000080000000, 0x0000000100000000)
  region size 1024K, 6 young (6144K), 6 survivors (6144K)
 Metaspace       used 39806K, committed 40384K, reserved 1114112K
  class space    used 4309K, committed 4608K, reserved 1048576K
}
Event: 37.884 GC heap before
{Heap before GC invocations=16 (full 0):
 garbage-first heap   total 102400K, used 76407K [0x0000000080000000, 0x0000000100000000)
  region size 1024K, 46 young (47104K), 6 survivors (6144K)
 Metaspace       used 45575K, committed 46144K, reserved 1114112K
  class space    used 5105K, committed 5376K, reserved 1048576K
}
Event: 37.892 GC heap after
{Heap after GC invocations=17 (full 0):
 garbage-first heap   total 102400K, used 37961K [0x0000000080000000, 0x0000000100000000)
  region size 1024K, 3 young (3072K), 3 survivors (3072K)
 Metaspace       used 45575K, committed 46144K, reserved 1114112K
  class space    used 5105K, committed 5376K, reserved 1048576K
}
Event: 39.798 GC heap before
{Heap before GC invocations=17 (full 0):
 garbage-first heap   total 102400K, used 77897K [0x0000000080000000, 0x0000000100000000)
  region size 1024K, 42 young (43008K), 3 survivors (3072K)
 Metaspace       used 49962K, committed 50496K, reserved 1114112K
  class space    used 5686K, committed 5952K, reserved 1048576K
}
Event: 39.803 GC heap after
{Heap after GC invocations=18 (full 0):
 garbage-first heap   total 102400K, used 39529K [0x0000000080000000, 0x0000000100000000)
  region size 1024K, 4 young (4096K), 4 survivors (4096K)
 Metaspace       used 49962K, committed 50496K, reserved 1114112K
  class space    used 5686K, committed 5952K, reserved 1048576K
}

