# JRE version: OpenJDK Runtime Environment Temurin-17.0.7+7 (17.0.7+7) (build 17.0.7+7)
# Java VM: OpenJDK 64-Bit Server VM Temurin-17.0.7+7 (17.0.7+7, mixed mode, tiered, compressed oops, compressed class ptrs, g1 gc, windows-amd64)
GC Precious Log:
 CPUs: 4 total, 4 available
 Memory: 12180M
 Large Page Support: Disabled
 NUMA Support: Disabled
 Compressed Oops: Enabled (32-bit)
 Heap Region Size: 1M
 Heap Min Capacity: 8M
 Heap Initial Capacity: 192M
 Heap Max Capacity: 2G
 Pre-touch: Disabled
 Parallel Workers: 4
 Concurrent Workers: 1
 Concurrent Refinement Workers: 4
 Periodic GC: Disabled
Heap:
 garbage-first heap   total 95232K, used 46975K [0x0000000080000000, 0x0000000100000000)
  region size 1024K, 10 young (10240K), 4 survivors (4096K)
 Metaspace       used 51235K, committed 51904K, reserved 1114112K
  class space    used 5834K, committed 6144K, reserved 1048576K
GC Heap History (20 events):
Event: 6.401 GC heap before
{Heap before GC invocations=7 (full 0):
 garbage-first heap   total 78848K, used 56498K [0x0000000080000000, 0x0000000100000000)
  region size 1024K, 35 young (35840K), 3 survivors (3072K)
 Metaspace       used 30021K, committed 30464K, reserved 1114112K
  class space    used 3200K, committed 3392K, reserved 1048576K
}
Event: 6.415 GC heap after
{Heap after GC invocations=8 (full 0):
 garbage-first heap   total 78848K, used 26108K [0x0000000080000000, 0x0000000100000000)
  region size 1024K, 5 young (5120K), 5 survivors (5120K)
 Metaspace       used 30021K, committed 30464K, reserved 1114112K
  class space    used 3200K, committed 3392K, reserved 1048576K
}
Event: 6.844 GC heap before
{Heap before GC invocations=8 (full 0):
 garbage-first heap   total 78848K, used 57852K [0x0000000080000000, 0x0000000100000000)
  region size 1024K, 36 young (36864K), 5 survivors (5120K)
 Metaspace       used 31814K, committed 32192K, reserved 1114112K
  class space    used 3396K, committed 3584K, reserved 1048576K
}
Event: 6.861 GC heap after
{Heap after GC invocations=9 (full 0):
 garbage-first heap   total 78848K, used 27565K [0x0000000080000000, 0x0000000100000000)
  region size 1024K, 4 young (4096K), 4 survivors (4096K)
 Metaspace       used 31814K, committed 32192K, reserved 1114112K
  class space    used 3396K, committed 3584K, reserved 1048576K
}
Event: 7.112 GC heap before
{Heap before GC invocations=9 (full 0):
 garbage-first heap   total 78848K, used 62381K [0x0000000080000000, 0x0000000100000000)
  region size 1024K, 35 young (35840K), 4 survivors (4096K)
 Metaspace       used 32970K, committed 33344K, reserved 1114112K
  class space    used 3476K, committed 3648K, reserved 1048576K
}
Event: 7.121 GC heap after
{Heap after GC invocations=10 (full 0):
 garbage-first heap   total 95232K, used 28312K [0x0000000080000000, 0x0000000100000000)
  region size 1024K, 2 young (2048K), 2 survivors (2048K)
 Metaspace       used 32970K, committed 33344K, reserved 1114112K
  class space    used 3476K, committed 3648K, reserved 1048576K
}
Event: 7.761 GC heap before
{Heap before GC invocations=10 (full 0):
 garbage-first heap   total 95232K, used 71320K [0x0000000080000000, 0x0000000100000000)
  region size 1024K, 44 young (45056K), 2 survivors (2048K)
 Metaspace       used 35157K, committed 35584K, reserved 1114112K
  class space    used 3718K, committed 3968K, reserved 1048576K
}
Event: 7.772 GC heap after
{Heap after GC invocations=11 (full 0):
 garbage-first heap   total 95232K, used 29336K [0x0000000080000000, 0x0000000100000000)
  region size 1024K, 3 young (3072K), 3 survivors (3072K)
 Metaspace       used 35157K, committed 35584K, reserved 1114112K
  class space    used 3718K, committed 3968K, reserved 1048576K
}
Event: 8.402 GC heap before
{Heap before GC invocations=11 (full 0):
 garbage-first heap   total 95232K, used 73368K [0x0000000080000000, 0x0000000100000000)
  region size 1024K, 46 young (47104K), 3 survivors (3072K)
 Metaspace       used 35525K, committed 35968K, reserved 1114112K
  class space    used 3738K, committed 3968K, reserved 1048576K
}
Event: 8.413 GC heap after
{Heap after GC invocations=12 (full 0):
 garbage-first heap   total 95232K, used 30628K [0x0000000080000000, 0x0000000100000000)
  region size 1024K, 5 young (5120K), 5 survivors (5120K)
 Metaspace       used 35525K, committed 35968K, reserved 1114112K
  class space    used 3738K, committed 3968K, reserved 1048576K
}
Event: 8.516 GC heap before
{Heap before GC invocations=12 (full 0):
 garbage-first heap   total 95232K, used 56228K [0x0000000080000000, 0x0000000100000000)
  region size 1024K, 31 young (31744K), 5 survivors (5120K)
 Metaspace       used 35559K, committed 35968K, reserved 1114112K
  class space    used 3742K, committed 3968K, reserved 1048576K
}
Event: 8.532 GC heap after
{Heap after GC invocations=13 (full 0):
 garbage-first heap   total 95232K, used 32282K [0x0000000080000000, 0x0000000100000000)
  region size 1024K, 5 young (5120K), 5 survivors (5120K)
 Metaspace       used 35559K, committed 35968K, reserved 1114112K
  class space    used 3742K, committed 3968K, reserved 1048576K
}
Event: 20.127 GC heap before
{Heap before GC invocations=14 (full 0):
 garbage-first heap   total 95232K, used 75290K [0x0000000080000000, 0x0000000100000000)
  region size 1024K, 47 young (48128K), 5 survivors (5120K)
 Metaspace       used 39559K, committed 40128K, reserved 1114112K
  class space    used 4281K, committed 4544K, reserved 1048576K
}
Event: 20.137 GC heap after
{Heap after GC invocations=15 (full 0):
 garbage-first heap   total 95232K, used 34442K [0x0000000080000000, 0x0000000100000000)
  region size 1024K, 6 young (6144K), 6 survivors (6144K)
 Metaspace       used 39559K, committed 40128K, reserved 1114112K
  class space    used 4281K, committed 4544K, reserved 1048576K
}
Event: 31.915 GC heap before
{Heap before GC invocations=15 (full 0):
 garbage-first heap   total 95232K, used 73354K [0x0000000080000000, 0x0000000100000000)
  region size 1024K, 45 young (46080K), 6 survivors (6144K)
 Metaspace       used 44998K, committed 45504K, reserved 1114112K
  class space    used 4990K, committed 5184K, reserved 1048576K
}
Event: 31.928 GC heap after
{Heap after GC invocations=16 (full 0):
 garbage-first heap   total 95232K, used 37651K [0x0000000080000000, 0x0000000100000000)
  region size 1024K, 6 young (6144K), 6 survivors (6144K)
 Metaspace       used 44998K, committed 45504K, reserved 1114112K
  class space    used 4990K, committed 5184K, reserved 1048576K
}
Event: 33.072 GC heap before
{Heap before GC invocations=16 (full 0):
 garbage-first heap   total 95232K, used 74515K [0x0000000080000000, 0x0000000100000000)
  region size 1024K, 42 young (43008K), 6 survivors (6144K)
 Metaspace       used 48970K, committed 49536K, reserved 1114112K
  class space    used 5538K, committed 5824K, reserved 1048576K
}
Event: 33.081 GC heap after
{Heap after GC invocations=17 (full 0):
 garbage-first heap   total 95232K, used 39569K [0x0000000080000000, 0x0000000100000000)
  region size 1024K, 5 young (5120K), 5 survivors (5120K)
 Metaspace       used 48970K, committed 49536K, reserved 1114112K
  class space    used 5538K, committed 5824K, reserved 1048576K
}
Event: 50.311 GC heap before
{Heap before GC invocations=17 (full 0):
 garbage-first heap   total 95232K, used 76433K [0x0000000080000000, 0x0000000100000000)
  region size 1024K, 41 young (41984K), 5 survivors (5120K)
 Metaspace       used 50986K, committed 51584K, reserved 1114112K
  class space    used 5801K, committed 6080K, reserved 1048576K
}
Event: 50.321 GC heap after
{Heap after GC invocations=18 (full 0):
 garbage-first heap   total 95232K, used 41855K [0x0000000080000000, 0x0000000100000000)
  region size 1024K, 4 young (4096K), 4 survivors (4096K)
 Metaspace       used 50986K, committed 51584K, reserved 1114112K
  class space    used 5801K, committed 6080K, reserved 1048576K
}

