# JRE version: OpenJDK Runtime Environment Temurin-17.0.7+7 (17.0.7+7) (build 17.0.7+7)
# Java VM: OpenJDK 64-Bit Server VM Temurin-17.0.7+7 (17.0.7+7, mixed mode, tiered, compressed oops, compressed class ptrs, g1 gc, windows-amd64)
GC Precious Log:
 CPUs: 4 total, 4 available
 Memory: 12180M
 Large Page Support: Disabled
 NUMA Support: Disabled
 Compressed Oops: Enabled (32-bit)
 Heap Region Size: 1M
 Heap Min Capacity: 8M
 Heap Initial Capacity: 192M
 Heap Max Capacity: 2G
 Pre-touch: Disabled
 Parallel Workers: 4
 Concurrent Workers: 1
 Concurrent Refinement Workers: 4
 Periodic GC: Disabled
Heap:
 garbage-first heap   total 116736K, used 54963K [0x0000000080000000, 0x0000000100000000)
  region size 1024K, 30 young (30720K), 6 survivors (6144K)
 Metaspace       used 37223K, committed 37696K, reserved 1114112K
  class space    used 3972K, committed 4224K, reserved 1048576K
GC Heap History (20 events):
Event: 2.939 GC heap before
{Heap before GC invocations=2 (full 0):
 garbage-first heap   total 196608K, used 31369K [0x0000000080000000, 0x0000000100000000)
  region size 1024K, 19 young (19456K), 2 survivors (2048K)
 Metaspace       used 9597K, committed 9728K, reserved 1114112K
  class space    used 827K, committed 896K, reserved 1048576K
}
Event: 2.942 GC heap after
{Heap after GC invocations=3 (full 0):
 garbage-first heap   total 196608K, used 15583K [0x0000000080000000, 0x0000000100000000)
  region size 1024K, 2 young (2048K), 2 survivors (2048K)
 Metaspace       used 9597K, committed 9728K, reserved 1114112K
  class space    used 827K, committed 896K, reserved 1048576K
}
Event: 7.068 GC heap before
{Heap before GC invocations=3 (full 0):
 garbage-first heap   total 196608K, used 91359K [0x0000000080000000, 0x0000000100000000)
  region size 1024K, 77 young (78848K), 2 survivors (2048K)
 Metaspace       used 21351K, committed 21504K, reserved 1114112K
  class space    used 2227K, committed 2304K, reserved 1048576K
}
Event: 7.078 GC heap after
{Heap after GC invocations=4 (full 0):
 garbage-first heap   total 196608K, used 21280K [0x0000000080000000, 0x0000000100000000)
  region size 1024K, 7 young (7168K), 7 survivors (7168K)
 Metaspace       used 21351K, committed 21504K, reserved 1114112K
  class space    used 2227K, committed 2304K, reserved 1048576K
}
Event: 7.992 GC heap before
{Heap before GC invocations=5 (full 0):
 garbage-first heap   total 75776K, used 59168K [0x0000000080000000, 0x0000000100000000)
  region size 1024K, 44 young (45056K), 7 survivors (7168K)
 Metaspace       used 22158K, committed 22400K, reserved 1114112K
  class space    used 2310K, committed 2432K, reserved 1048576K
}
Event: 8.005 GC heap after
{Heap after GC invocations=6 (full 0):
 garbage-first heap   total 75776K, used 22091K [0x0000000080000000, 0x0000000100000000)
  region size 1024K, 2 young (2048K), 2 survivors (2048K)
 Metaspace       used 22158K, committed 22400K, reserved 1114112K
  class space    used 2310K, committed 2432K, reserved 1048576K
}
Event: 8.008 GC heap before
{Heap before GC invocations=6 (full 0):
 garbage-first heap   total 75776K, used 23115K [0x0000000080000000, 0x0000000100000000)
  region size 1024K, 3 young (3072K), 2 survivors (2048K)
 Metaspace       used 22158K, committed 22400K, reserved 1114112K
  class space    used 2310K, committed 2432K, reserved 1048576K
}
Event: 8.015 GC heap after
{Heap after GC invocations=7 (full 0):
 garbage-first heap   total 75776K, used 21817K [0x0000000080000000, 0x0000000100000000)
  region size 1024K, 1 young (1024K), 1 survivors (1024K)
 Metaspace       used 22158K, committed 22400K, reserved 1114112K
  class space    used 2310K, committed 2432K, reserved 1048576K
}
Event: 9.284 GC heap before
{Heap before GC invocations=7 (full 0):
 garbage-first heap   total 75776K, used 52537K [0x0000000080000000, 0x0000000100000000)
  region size 1024K, 31 young (31744K), 1 survivors (1024K)
 Metaspace       used 24419K, committed 24640K, reserved 1114112K
  class space    used 2523K, committed 2624K, reserved 1048576K
}
Event: 9.290 GC heap after
{Heap after GC invocations=8 (full 0):
 garbage-first heap   total 75776K, used 23407K [0x0000000080000000, 0x0000000100000000)
  region size 1024K, 2 young (2048K), 2 survivors (2048K)
 Metaspace       used 24419K, committed 24640K, reserved 1114112K
  class space    used 2523K, committed 2624K, reserved 1048576K
}
Event: 11.620 GC heap before
{Heap before GC invocations=8 (full 0):
 garbage-first heap   total 75776K, used 55151K [0x0000000080000000, 0x0000000100000000)
  region size 1024K, 33 young (33792K), 2 survivors (2048K)
 Metaspace       used 30701K, committed 31104K, reserved 1114112K
  class space    used 3263K, committed 3456K, reserved 1048576K
}
Event: 11.631 GC heap after
{Heap after GC invocations=9 (full 0):
 garbage-first heap   total 75776K, used 26308K [0x0000000080000000, 0x0000000100000000)
  region size 1024K, 5 young (5120K), 5 survivors (5120K)
 Metaspace       used 30701K, committed 31104K, reserved 1114112K
  class space    used 3263K, committed 3456K, reserved 1048576K
}
Event: 12.531 GC heap before
{Heap before GC invocations=9 (full 0):
 garbage-first heap   total 75776K, used 59076K [0x0000000080000000, 0x0000000100000000)
  region size 1024K, 34 young (34816K), 5 survivors (5120K)
 Metaspace       used 32322K, committed 32768K, reserved 1114112K
  class space    used 3380K, committed 3584K, reserved 1048576K
}
Event: 12.544 GC heap after
{Heap after GC invocations=10 (full 0):
 garbage-first heap   total 75776K, used 26914K [0x0000000080000000, 0x0000000100000000)
  region size 1024K, 1 young (1024K), 1 survivors (1024K)
 Metaspace       used 32322K, committed 32768K, reserved 1114112K
  class space    used 3380K, committed 3584K, reserved 1048576K
}
Event: 12.867 GC heap before
{Heap before GC invocations=10 (full 0):
 garbage-first heap   total 75776K, used 57634K [0x0000000080000000, 0x0000000100000000)
  region size 1024K, 31 young (31744K), 1 survivors (1024K)
 Metaspace       used 32813K, committed 33216K, reserved 1114112K
  class space    used 3445K, committed 3648K, reserved 1048576K
}
Event: 12.870 GC heap after
{Heap after GC invocations=11 (full 0):
 garbage-first heap   total 75776K, used 27173K [0x0000000080000000, 0x0000000100000000)
  region size 1024K, 1 young (1024K), 1 survivors (1024K)
 Metaspace       used 32813K, committed 33216K, reserved 1114112K
  class space    used 3445K, committed 3648K, reserved 1048576K
}
Event: 13.602 GC heap before
{Heap before GC invocations=11 (full 0):
 garbage-first heap   total 75776K, used 58917K [0x0000000080000000, 0x0000000100000000)
  region size 1024K, 32 young (32768K), 1 survivors (1024K)
 Metaspace       used 34654K, committed 35072K, reserved 1114112K
  class space    used 3656K, committed 3840K, reserved 1048576K
}
Event: 13.608 GC heap after
{Heap after GC invocations=12 (full 0):
 garbage-first heap   total 179200K, used 27808K [0x0000000080000000, 0x0000000100000000)
  region size 1024K, 2 young (2048K), 2 survivors (2048K)
 Metaspace       used 34654K, committed 35072K, reserved 1114112K
  class space    used 3656K, committed 3840K, reserved 1048576K
}
Event: 15.810 GC heap before
{Heap before GC invocations=12 (full 0):
 garbage-first heap   total 179200K, used 111776K [0x0000000080000000, 0x0000000100000000)
  region size 1024K, 85 young (87040K), 2 survivors (2048K)
 Metaspace       used 35489K, committed 35968K, reserved 1114112K
  class space    used 3728K, committed 3968K, reserved 1048576K
}
Event: 15.818 GC heap after
{Heap after GC invocations=13 (full 0):
 garbage-first heap   total 179200K, used 31411K [0x0000000080000000, 0x0000000100000000)
  region size 1024K, 6 young (6144K), 6 survivors (6144K)
 Metaspace       used 35489K, committed 35968K, reserved 1114112K
  class space    used 3728K, committed 3968K, reserved 1048576K
}

